./basics/my_strtol.c:110: MAJOR:C-L5
./main.c:47: MINOR:C-L6
./src/ass_function/add.c:27: MAJOR:C-F5
./src/ass_function/add.c:77: MAJOR:C-F3
./src/ass_function/add.c:96: MAJOR:C-F4
./src/ass_function/add.c:97: MAJOR:C-F4
./src/ass_function/add.c:98: INFO:C-A3
./src/ass_function/aff.c:24: MAJOR:C-F5
./src/ass_function/aff.c:53: MAJOR:C-F3
./src/ass_function/aff.c:73: MAJOR:C-F3
./src/ass_function/aff.c:77: MINOR:C-L6
./src/ass_function/aff.c:78: MINOR:C-L6
./src/ass_function/aff.c:92: MAJOR:C-F4
./src/ass_function/aff.c:93: MAJOR:C-F4
./src/ass_function/aff.c:94: MAJOR:C-F4
./src/ass_function/aff.c:95: INFO:C-A3
./src/ass_function/and.c:10: MINOR:C-L4
./src/ass_function/and.c:31: MAJOR:C-F5
./src/ass_function/and.c:48: MAJOR:C-F5
./src/ass_function/and.c:57: MAJOR:C-L1
./src/ass_function/and.c:57: MINOR:C-L4
./src/ass_function/and.c:85: MAJOR:C-F3
./src/ass_function/and.c:102: MAJOR:C-F3
./src/ass_function/and.c:102: MINOR:C-V3
./src/ass_function/and.c:122: MAJOR:C-F3
./src/ass_function/and.c:141: MAJOR:C-F4
./src/ass_function/and.c:142: MAJOR:C-F4
./src/ass_function/attack.c:10: MAJOR:C-F3
./src/ass_function/attack.c:10: MAJOR:C-F5
./src/ass_function/attack.c:26: MAJOR:C-F5
./src/ass_function/fork.c:19: INFO:C-A3
./src/ass_function/ld.c:22: MINOR:C-L2
./src/ass_function/ld.c:23: MINOR:C-L2
./src/ass_function/ld.c:29: MAJOR:C-F5
./src/ass_function/ld.c:46: MAJOR:C-F5
./src/ass_function/ld.c:84: MAJOR:C-F3
./src/ass_function/ld.c:101: MAJOR:C-F3
./src/ass_function/ld.c:101: MINOR:C-V3
./src/ass_function/ld.c:115: MAJOR:C-F3
./src/ass_function/ld.c:131: MAJOR:C-F3
./src/ass_function/ld.c:134: MAJOR:C-F4
./src/ass_function/ld.c:135: MAJOR:C-F4
./src/ass_function/ld.c:136: INFO:C-A3
./src/ass_function/ldi.c:32: MAJOR:C-F5
./src/ass_function/ldi.c:49: MAJOR:C-F5
./src/ass_function/ldi.c:80: MAJOR:C-F3
./src/ass_function/ldi.c:95: MAJOR:C-F3
./src/ass_function/ldi.c:95: MINOR:C-V3
./src/ass_function/ldi.c:112: MAJOR:C-L5
./src/ass_function/ldi.c:113: MAJOR:C-F3
./src/ass_function/ldi.c:113: MAJOR:C-L5
./src/ass_function/ldi.c:114: MAJOR:C-L5
./src/ass_function/ldi.c:115: MAJOR:C-L5
./src/ass_function/ldi.c:116: MINOR:C-L6
./src/ass_function/ldi.c:130: MAJOR:C-F4
./src/ass_function/ldi.c:131: INFO:C-A3
./src/ass_function/lfork.c:19: INFO:C-A3
./src/ass_function/live.c:21: INFO:C-A3
./src/ass_function/lld.c:22: MINOR:C-L2
./src/ass_function/lld.c:23: MINOR:C-L2
./src/ass_function/lld.c:29: MAJOR:C-F5
./src/ass_function/lld.c:46: MAJOR:C-F5
./src/ass_function/lld.c:84: MAJOR:C-F3
./src/ass_function/lld.c:101: MAJOR:C-F3
./src/ass_function/lld.c:101: MINOR:C-V3
./src/ass_function/lld.c:115: MAJOR:C-F3
./src/ass_function/lld.c:118: MINOR:C-L6
./src/ass_function/lld.c:119: MINOR:C-L6
./src/ass_function/lld.c:130: MAJOR:C-F3
./src/ass_function/lld.c:134: MAJOR:C-F4
./src/ass_function/lld.c:135: MAJOR:C-F4
./src/ass_function/lld.c:136: INFO:C-A3
./src/ass_function/lldi.c:32: MAJOR:C-F5
./src/ass_function/lldi.c:49: MAJOR:C-F5
./src/ass_function/lldi.c:80: MAJOR:C-F3
./src/ass_function/lldi.c:92: MINOR:C-F8
./src/ass_function/lldi.c:97: MAJOR:C-F3
./src/ass_function/lldi.c:97: MINOR:C-V3
./src/ass_function/lldi.c:113: MAJOR:C-F3
./src/ass_function/or.c:10: MINOR:C-L4
./src/ass_function/or.c:31: MAJOR:C-F5
./src/ass_function/or.c:48: MAJOR:C-F5
./src/ass_function/or.c:86: MAJOR:C-F3
./src/ass_function/or.c:103: MINOR:C-V3
./src/ass_function/or.c:123: MAJOR:C-F3
./src/ass_function/or.c:142: MAJOR:C-F4
./src/ass_function/or.c:143: MAJOR:C-F4
./src/ass_function/or.c:146: MINOR:C-G8
./src/ass_function/st.c:31: MAJOR:C-F5
./src/ass_function/st.c:48: MAJOR:C-F5
./src/ass_function/st.c:86: MAJOR:C-F3
./src/ass_function/st.c:101: MINOR:C-V3
./src/ass_function/st.c:114: MINOR:C-F8
./src/ass_function/st.c:115: MINOR:C-F8
./src/ass_function/st.c:117: MAJOR:C-F3
./src/ass_function/st.c:134: MAJOR:C-F4
./src/ass_function/st.c:135: MAJOR:C-F4
./src/ass_function/st.c:136: MAJOR:C-F4
./src/ass_function/st.c:137: MAJOR:C-F4
./src/ass_function/sti.c:43: MAJOR:C-F5
./src/ass_function/sti.c:60: MAJOR:C-F5
./src/ass_function/sti.c:91: MAJOR:C-F3
./src/ass_function/sti.c:111: MAJOR:C-F3
./src/ass_function/sti.c:114: MINOR:C-L6
./src/ass_function/sti.c:125: MAJOR:C-F3
./src/ass_function/sti.c:132: MINOR:C-G8
./src/ass_function/sti_attack.o:1: MAJOR:C-O1
./src/ass_function/sub.c:27: MAJOR:C-F5
./src/ass_function/sub.c:56: MAJOR:C-F3
./src/ass_function/sub.c:75: MAJOR:C-L5
./src/ass_function/sub.c:76: MAJOR:C-F3
./src/ass_function/sub.c:76: MAJOR:C-L5
./src/ass_function/sub.c:77: MAJOR:C-L5
./src/ass_function/sub.c:78: MAJOR:C-L5
./src/ass_function/sub.c:79: MINOR:C-L6
./src/ass_function/sub.c:90: MAJOR:C-F3
./src/ass_function/sub.c:93: MAJOR:C-F4
./src/ass_function/sub.c:94: MAJOR:C-F4
./src/ass_function/sub.c:95: MAJOR:C-F4
./src/ass_function/sub.c:96: INFO:C-A3
./src/ass_function/xor.c:10: MINOR:C-L4
./src/ass_function/xor.c:31: MAJOR:C-F5
./src/ass_function/xor.c:48: MAJOR:C-F5
./src/ass_function/xor.c:86: MAJOR:C-F3
./src/ass_function/xor.c:103: MAJOR:C-F3
./src/ass_function/xor.c:103: MINOR:C-V3
./src/ass_function/xor.c:123: MAJOR:C-F3
./src/ass_function/xor.c:142: MAJOR:C-F4
./src/ass_function/xor.c:143: MAJOR:C-F4
./src/ass_function/xor.c:146: MINOR:C-G8
./src/ass_function/zjmp.c:19: MINOR:C-L6
./src/ass_function/zjmp.c:21: MINOR:C-L2
./src/ass_function/zjmp.c:27: MAJOR:C-F5
./src/ass_function/zjmp.c:54: MAJOR:C-F3
./src/ass_function/zjmp.c:97: MINOR:C-L6
./src/convert_decimal_to_bin.c:28: INFO:C-A3
./src/convert_hexa_to_bin.c:10: MINOR:C-L4
./src/convert_hexa_to_bin.c:12: MINOR:C-L6
./src/convert_hexa_to_bin.c:14: MINOR:C-L6
./src/convert_hexa_to_bin.c:15: MAJOR:C-L5
./src/convert_hexa_to_bin.c:23: MINOR:C-L4
./src/convert_hexa_to_bin.c:25: MAJOR:C-L5
./src/convert_hexa_to_bin.c:26: MAJOR:C-F3
./src/convert_hexa_to_bin.c:30: MINOR:C-L4
./src/convert_hexa_to_bin.c:32: MAJOR:C-F3
./src/convert_hexa_to_bin.c:32: MINOR:C-F8
./src/convert_hexa_to_bin.c:34: INFO:C-A3
./src/convert_hexa_to_decimal.c:10: MAJOR:C-G5
./src/convert_hexa_to_decimal.c:23: MINOR:C-L6
./src/convert_hexa_to_decimal.c:24: MAJOR:C-L5
./src/convert_hexa_to_decimal.c:25: MINOR:C-L6
./src/convert_hexa_to_decimal.c:26: MAJOR:C-L1
./src/convert_hexa_to_decimal.c:30: MAJOR:C-L5
./src/convert_hexa_to_decimal.c:31: MAJOR:C-L1
./src/convert_hexa_to_decimal.c:34: MAJOR:C-F4
./src/convert_hexa_to_decimal.c:34: MINOR:C-L6
./src/convert_hexa_to_decimal.c:35: MAJOR:C-F4
./src/convert_hexa_to_decimal.c:41: MAJOR:C-L5
./src/convert_hexa_to_decimal.c:49: MINOR:C-F8
./src/convert_hexa_to_decimal.c:50: MAJOR:C-L5
./src/convert_hexa_to_decimal.c:51: MAJOR:C-L5
./src/convert_hexa_to_decimal.c:52: MAJOR:C-L5
./src/convert_hexa_to_decimal.c:53: MINOR:C-L6
./src/convert_hexa_to_decimal.c:55: MAJOR:C-C1
./src/convert_hexa_to_decimal.c:60: MINOR:C-L6
./src/convert_hexa_to_decimal.c:62: MINOR:C-F8
./src/convert_hexa_to_decimal.c:64: MINOR:C-F8
./src/convert_hexa_to_decimal.c:66: INFO:C-A3
./src/define_content_codingbytes.c:17: MAJOR:C-C2
./src/map.c:91: MINOR:C-F8
./src/map.c:92: MINOR:C-F8
./src/map.c:94: MAJOR:C-F3
./src/map.c:96: MAJOR:C-F3
./src/map.c:101: MAJOR:C-O3
./src/map.c:112: MAJOR:C-F3
./src/map.c:114: MAJOR:C-F3
./src/parsing_robot/loop_instructions_robot.c:26: MAJOR:C-F3
./src/parsing_robot/loop_instructions_robot.c:104: MAJOR:C-L5
./src/parsing_robot/loop_instructions_robot.c:106: MAJOR:C-F3
./src/parsing_robot/loop_instructions_robot.c:107: MAJOR:C-F3
./src/parsing_robot/loop_instructions_robot.c:108: MAJOR:C-F3
./src/parsing_robot/loop_instructions_robot.c:118: MAJOR:C-F3
./src/parsing_robot/loop_instructions_robot.c:130: MAJOR:C-F3
./src/parsing_robot/loop_instructions_robot.c:159: MAJOR:C-F3
./src/parsing_robot/loop_instructions_robot.c:161: MAJOR:C-F3
./src/parsing_robot/parsing_instruction_opcode.o:1: MAJOR:C-O1
